[ 2015-05-29T21:06:51+08:00 ] 127.0.0.1 /index.php/Public/Uploads/2015-05-29/5568037cf39e3.jpg
INFO: [ app_init ] --START--
INFO: Run Behavior\BuildLiteBehavior [ RunTime:0.000027s ]
INFO: [ app_init ] --END-- [ RunTime:0.000585s ]
ERR: 无法加载模块:Public

[ 2015-05-29T21:06:51+08:00 ] 127.0.0.1 /index.php/Public/Uploads/2015-05-29/556803f363374.jpg
INFO: [ app_init ] --START--
INFO: Run Behavior\BuildLiteBehavior [ RunTime:0.000028s ]
INFO: [ app_init ] --END-- [ RunTime:0.000662s ]
ERR: 无法加载模块:Public

[ 2015-05-29T21:06:51+08:00 ] 127.0.0.1 /index.php/Public/Uploads/2015-05-29/556803fd43720.jpg
INFO: [ app_init ] --START--
INFO: Run Behavior\BuildLiteBehavior [ RunTime:0.000025s ]
INFO: [ app_init ] --END-- [ RunTime:0.000609s ]
ERR: 无法加载模块:Public

[ 2015-05-29T21:06:51+08:00 ] 127.0.0.1 /index.php/Public/Uploads/2015-05-29/5568083dbfc44.jpg
INFO: [ app_init ] --START--
INFO: Run Behavior\BuildLiteBehavior [ RunTime:0.000027s ]
INFO: [ app_init ] --END-- [ RunTime:0.000625s ]
ERR: 无法加载模块:Public

[ 2015-05-29T21:06:51+08:00 ] 127.0.0.1 /index.php/Public/Uploads/2015-05-29/556839a7225a2.jpg
INFO: [ app_init ] --START--
INFO: Run Behavior\BuildLiteBehavior [ RunTime:0.000027s ]
INFO: [ app_init ] --END-- [ RunTime:0.000742s ]
ERR: 无法加载模块:Public

[ 2015-05-29T21:06:51+08:00 ] 127.0.0.1 /index.php/js/jsSwitcher/jquery.cookie.js
INFO: [ app_init ] --START--
INFO: Run Behavior\BuildLiteBehavior [ RunTime:0.000017s ]
INFO: [ app_init ] --END-- [ RunTime:0.000517s ]
ERR: 无法加载模块:Js

[ 2015-05-29T21:08:50+08:00 ] 127.0.0.1 /index.php/Public/Uploads/2015-05-29/556839a7225a2.jpg
INFO: [ app_init ] --START--
INFO: Run Behavior\BuildLiteBehavior [ RunTime:0.000032s ]
INFO: [ app_init ] --END-- [ RunTime:0.000702s ]
ERR: 无法加载模块:Public

[ 2015-05-29T21:08:50+08:00 ] 127.0.0.1 /index.php/Public/Uploads/2015-05-29/5568083dbfc44.jpg
INFO: [ app_init ] --START--
INFO: Run Behavior\BuildLiteBehavior [ RunTime:0.000030s ]
INFO: [ app_init ] --END-- [ RunTime:0.000562s ]
ERR: 无法加载模块:Public

[ 2015-05-29T21:08:50+08:00 ] 127.0.0.1 /index.php/Public/Uploads/2015-05-29/5568037cf39e3.jpg
INFO: [ app_init ] --START--
INFO: Run Behavior\BuildLiteBehavior [ RunTime:0.000032s ]
INFO: [ app_init ] --END-- [ RunTime:0.001959s ]
ERR: 无法加载模块:Public

[ 2015-05-29T21:08:50+08:00 ] 127.0.0.1 /index.php/Public/Uploads/2015-05-29/556803fd43720.jpg
INFO: [ app_init ] --START--
INFO: Run Behavior\BuildLiteBehavior [ RunTime:0.000029s ]
INFO: [ app_init ] --END-- [ RunTime:0.000585s ]
ERR: 无法加载模块:Public

[ 2015-05-29T21:08:50+08:00 ] 127.0.0.1 /index.php/Public/Uploads/2015-05-29/556803f363374.jpg
INFO: [ app_init ] --START--
INFO: Run Behavior\BuildLiteBehavior [ RunTime:0.000022s ]
INFO: [ app_init ] --END-- [ RunTime:0.000958s ]
ERR: 无法加载模块:Public

[ 2015-05-29T21:08:50+08:00 ] 127.0.0.1 /index.php/js/jsSwitcher/jquery.cookie.js
INFO: [ app_init ] --START--
INFO: Run Behavior\BuildLiteBehavior [ RunTime:0.000017s ]
INFO: [ app_init ] --END-- [ RunTime:0.000409s ]
ERR: 无法加载模块:Js

[ 2015-05-29T21:23:58+08:00 ] 127.0.0.1 /index.php/Public/Uploads/2015-05-29/5568083dbfc44.jpg
INFO: [ app_init ] --START--
INFO: Run Behavior\BuildLiteBehavior [ RunTime:0.000029s ]
INFO: [ app_init ] --END-- [ RunTime:0.000668s ]
ERR: 无法加载模块:Public

[ 2015-05-29T21:23:58+08:00 ] 127.0.0.1 /index.php/Public/Uploads/2015-05-29/556839a7225a2.jpg
INFO: [ app_init ] --START--
INFO: Run Behavior\BuildLiteBehavior [ RunTime:0.000029s ]
INFO: [ app_init ] --END-- [ RunTime:0.000745s ]
ERR: 无法加载模块:Public

[ 2015-05-29T21:23:58+08:00 ] 127.0.0.1 /index.php/Public/Uploads/2015-05-29/556803f363374.jpg
INFO: [ app_init ] --START--
INFO: Run Behavior\BuildLiteBehavior [ RunTime:0.000030s ]
INFO: [ app_init ] --END-- [ RunTime:0.000839s ]
ERR: 无法加载模块:Public

[ 2015-05-29T21:23:58+08:00 ] 127.0.0.1 /index.php/images/blog/blog-2.jpg
INFO: [ app_init ] --START--
INFO: Run Behavior\BuildLiteBehavior [ RunTime:0.000028s ]
INFO: [ app_init ] --END-- [ RunTime:0.001547s ]
ERR: 无法加载模块:Images

[ 2015-05-29T21:23:58+08:00 ] 127.0.0.1 /index.php/Public/Uploads/2015-05-29/5568037cf39e3.jpg
INFO: [ app_init ] --START--
INFO: Run Behavior\BuildLiteBehavior [ RunTime:0.000032s ]
INFO: [ app_init ] --END-- [ RunTime:0.001393s ]
ERR: 无法加载模块:Public

[ 2015-05-29T21:23:58+08:00 ] 127.0.0.1 /index.php/Public/Uploads/2015-05-29/556803fd43720.jpg
INFO: [ app_init ] --START--
INFO: Run Behavior\BuildLiteBehavior [ RunTime:0.000051s ]
INFO: [ app_init ] --END-- [ RunTime:0.000951s ]
ERR: 无法加载模块:Public

[ 2015-05-29T21:23:58+08:00 ] 127.0.0.1 /index.php/js/jsSwitcher/jquery.cookie.js
INFO: [ app_init ] --START--
INFO: Run Behavior\BuildLiteBehavior [ RunTime:0.000030s ]
INFO: [ app_init ] --END-- [ RunTime:0.000683s ]
ERR: 无法加载模块:Js

[ 2015-05-29T21:24:23+08:00 ] 127.0.0.1 /index.php/Public/Uploads/2015-05-29/556803f363374.jpg
INFO: [ app_init ] --START--
INFO: Run Behavior\BuildLiteBehavior [ RunTime:0.000028s ]
INFO: [ app_init ] --END-- [ RunTime:0.000555s ]
ERR: 无法加载模块:Public

[ 2015-05-29T21:24:23+08:00 ] 127.0.0.1 /index.php/images/blog/blog-2.jpg
INFO: [ app_init ] --START--
INFO: Run Behavior\BuildLiteBehavior [ RunTime:0.000027s ]
INFO: [ app_init ] --END-- [ RunTime:0.000592s ]
ERR: 无法加载模块:Images

[ 2015-05-29T21:24:23+08:00 ] 127.0.0.1 /index.php/Public/Uploads/2015-05-29/5568083dbfc44.jpg
INFO: [ app_init ] --START--
INFO: Run Behavior\BuildLiteBehavior [ RunTime:0.000416s ]
INFO: [ app_init ] --END-- [ RunTime:0.001593s ]
ERR: 无法加载模块:Public

[ 2015-05-29T21:24:23+08:00 ] 127.0.0.1 /index.php/Public/Uploads/2015-05-29/556803fd43720.jpg
INFO: [ app_init ] --START--
INFO: Run Behavior\BuildLiteBehavior [ RunTime:0.000031s ]
INFO: [ app_init ] --END-- [ RunTime:0.000641s ]
ERR: 无法加载模块:Public

[ 2015-05-29T21:24:23+08:00 ] 127.0.0.1 /index.php/Public/Uploads/2015-05-29/5568037cf39e3.jpg
INFO: [ app_init ] --START--
INFO: Run Behavior\BuildLiteBehavior [ RunTime:0.000034s ]
INFO: [ app_init ] --END-- [ RunTime:0.000614s ]
ERR: 无法加载模块:Public

[ 2015-05-29T21:24:23+08:00 ] 127.0.0.1 /index.php/Public/Uploads/2015-05-29/556839a7225a2.jpg
INFO: [ app_init ] --START--
INFO: Run Behavior\BuildLiteBehavior [ RunTime:0.000030s ]
INFO: [ app_init ] --END-- [ RunTime:0.000488s ]
ERR: 无法加载模块:Public

[ 2015-05-29T21:24:23+08:00 ] 127.0.0.1 /index.php/js/jsSwitcher/jquery.cookie.js
INFO: [ app_init ] --START--
INFO: Run Behavior\BuildLiteBehavior [ RunTime:0.000017s ]
INFO: [ app_init ] --END-- [ RunTime:0.000387s ]
ERR: 无法加载模块:Js

[ 2015-05-29T21:25:57+08:00 ] 127.0.0.1 /index.php/Public/Uploads/2015-05-29/5568083dbfc44.jpg
INFO: [ app_init ] --START--
INFO: Run Behavior\BuildLiteBehavior [ RunTime:0.000028s ]
INFO: [ app_init ] --END-- [ RunTime:0.000579s ]
ERR: 无法加载模块:Public

[ 2015-05-29T21:25:57+08:00 ] 127.0.0.1 /index.php/Public/Uploads/2015-05-29/556839a7225a2.jpg
INFO: [ app_init ] --START--
INFO: Run Behavior\BuildLiteBehavior [ RunTime:0.000033s ]
INFO: [ app_init ] --END-- [ RunTime:0.000645s ]
ERR: 无法加载模块:Public

[ 2015-05-29T21:25:57+08:00 ] 127.0.0.1 /index.php/Public/Uploads/2015-05-29/5568037cf39e3.jpg
INFO: [ app_init ] --START--
INFO: Run Behavior\BuildLiteBehavior [ RunTime:0.000028s ]
INFO: [ app_init ] --END-- [ RunTime:0.000619s ]
ERR: 无法加载模块:Public

[ 2015-05-29T21:25:57+08:00 ] 127.0.0.1 /index.php/images/blog/blog-1.jpg
INFO: [ app_init ] --START--
INFO: Run Behavior\BuildLiteBehavior [ RunTime:0.000089s ]
INFO: [ app_init ] --END-- [ RunTime:0.002564s ]
ERR: 无法加载模块:Images

[ 2015-05-29T21:25:57+08:00 ] 127.0.0.1 /index.php/Public/Uploads/2015-05-29/556803f363374.jpg
INFO: [ app_init ] --START--
INFO: Run Behavior\BuildLiteBehavior [ RunTime:0.000028s ]
INFO: [ app_init ] --END-- [ RunTime:0.000581s ]
ERR: 无法加载模块:Public

[ 2015-05-29T21:25:57+08:00 ] 127.0.0.1 /index.php/images/blog/blog-2.jpg
INFO: [ app_init ] --START--
INFO: Run Behavior\BuildLiteBehavior [ RunTime:0.000024s ]
INFO: [ app_init ] --END-- [ RunTime:0.000553s ]
ERR: 无法加载模块:Images

[ 2015-05-29T21:25:57+08:00 ] 127.0.0.1 /index.php/Public/Uploads/2015-05-29/556803fd43720.jpg
INFO: [ app_init ] --START--
INFO: Run Behavior\BuildLiteBehavior [ RunTime:0.000029s ]
INFO: [ app_init ] --END-- [ RunTime:0.000862s ]
ERR: 无法加载模块:Public

[ 2015-05-29T21:25:57+08:00 ] 127.0.0.1 /index.php/images/blog/blog-3.jpg
INFO: [ app_init ] --START--
INFO: Run Behavior\BuildLiteBehavior [ RunTime:0.000035s ]
INFO: [ app_init ] --END-- [ RunTime:0.003653s ]
ERR: 无法加载模块:Images

[ 2015-05-29T21:25:57+08:00 ] 127.0.0.1 /index.php/js/jsSwitcher/jquery.cookie.js
INFO: [ app_init ] --START--
INFO: Run Behavior\BuildLiteBehavior [ RunTime:0.000024s ]
INFO: [ app_init ] --END-- [ RunTime:0.000778s ]
ERR: 无法加载模块:Js

[ 2015-05-29T21:31:05+08:00 ] 127.0.0.1 /index.php/Public/Uploads/2015-05-29/556803f363374.jpg
INFO: [ app_init ] --START--
INFO: Run Behavior\BuildLiteBehavior [ RunTime:0.000030s ]
INFO: [ app_init ] --END-- [ RunTime:0.000679s ]
ERR: 无法加载模块:Public

[ 2015-05-29T21:31:05+08:00 ] 127.0.0.1 /index.php/Public/Uploads/2015-05-29/5568083dbfc44.jpg
INFO: [ app_init ] --START--
INFO: Run Behavior\BuildLiteBehavior [ RunTime:0.000028s ]
INFO: [ app_init ] --END-- [ RunTime:0.000635s ]
ERR: 无法加载模块:Public

[ 2015-05-29T21:31:05+08:00 ] 127.0.0.1 /index.php/images/blog/blog-1.jpg
INFO: [ app_init ] --START--
INFO: Run Behavior\BuildLiteBehavior [ RunTime:0.000037s ]
INFO: [ app_init ] --END-- [ RunTime:0.002569s ]
ERR: 无法加载模块:Images

[ 2015-05-29T21:31:05+08:00 ] 127.0.0.1 /index.php/Public/Uploads/2015-05-29/5568037cf39e3.jpg
INFO: [ app_init ] --START--
INFO: Run Behavior\BuildLiteBehavior [ RunTime:0.000028s ]
INFO: [ app_init ] --END-- [ RunTime:0.000624s ]
ERR: 无法加载模块:Public

[ 2015-05-29T21:31:05+08:00 ] 127.0.0.1 /index.php/Public/Uploads/2015-05-29/556803fd43720.jpg
INFO: [ app_init ] --START--
INFO: Run Behavior\BuildLiteBehavior [ RunTime:0.000031s ]
INFO: [ app_init ] --END-- [ RunTime:0.002246s ]
ERR: 无法加载模块:Public

[ 2015-05-29T21:31:05+08:00 ] 127.0.0.1 /index.php/Public/Uploads/2015-05-29/556839a7225a2.jpg
INFO: [ app_init ] --START--
INFO: Run Behavior\BuildLiteBehavior [ RunTime:0.000028s ]
INFO: [ app_init ] --END-- [ RunTime:0.000639s ]
ERR: 无法加载模块:Public

[ 2015-05-29T21:31:05+08:00 ] 127.0.0.1 /index.php/images/blog/blog-2.jpg
INFO: [ app_init ] --START--
INFO: Run Behavior\BuildLiteBehavior [ RunTime:0.000029s ]
INFO: [ app_init ] --END-- [ RunTime:0.000615s ]
ERR: 无法加载模块:Images

[ 2015-05-29T21:31:05+08:00 ] 127.0.0.1 /index.php/images/blog/blog-3.jpg
INFO: [ app_init ] --START--
INFO: Run Behavior\BuildLiteBehavior [ RunTime:0.000029s ]
INFO: [ app_init ] --END-- [ RunTime:0.000609s ]
ERR: 无法加载模块:Images

[ 2015-05-29T21:31:05+08:00 ] 127.0.0.1 /index.php/images/blog/blog-4.jpg
INFO: [ app_init ] --START--
INFO: Run Behavior\BuildLiteBehavior [ RunTime:0.000030s ]
INFO: [ app_init ] --END-- [ RunTime:0.000652s ]
ERR: 无法加载模块:Images

[ 2015-05-29T21:31:05+08:00 ] 127.0.0.1 /index.php/js/jsSwitcher/jquery.cookie.js
INFO: [ app_init ] --START--
INFO: Run Behavior\BuildLiteBehavior [ RunTime:0.000017s ]
INFO: [ app_init ] --END-- [ RunTime:0.000421s ]
ERR: 无法加载模块:Js

[ 2015-05-29T21:31:48+08:00 ] 127.0.0.1 /index.php/Public/Uploads/2015-05-29/5568037cf39e3.jpg
INFO: [ app_init ] --START--
INFO: Run Behavior\BuildLiteBehavior [ RunTime:0.000029s ]
INFO: [ app_init ] --END-- [ RunTime:0.000619s ]
ERR: 无法加载模块:Public

[ 2015-05-29T21:31:48+08:00 ] 127.0.0.1 /index.php/Public/Uploads/2015-05-29/5568083dbfc44.jpg
INFO: [ app_init ] --START--
INFO: Run Behavior\BuildLiteBehavior [ RunTime:0.000029s ]
INFO: [ app_init ] --END-- [ RunTime:0.000610s ]
ERR: 无法加载模块:Public

[ 2015-05-29T21:31:48+08:00 ] 127.0.0.1 /index.php/Public/Uploads/2015-05-29/556803fd43720.jpg
INFO: [ app_init ] --START--
INFO: Run Behavior\BuildLiteBehavior [ RunTime:0.000118s ]
INFO: [ app_init ] --END-- [ RunTime:0.001175s ]
ERR: 无法加载模块:Public

[ 2015-05-29T21:31:48+08:00 ] 127.0.0.1 /index.php/Public/Uploads/2015-05-29/556839a7225a2.jpg
INFO: [ app_init ] --START--
INFO: Run Behavior\BuildLiteBehavior [ RunTime:0.000021s ]
INFO: [ app_init ] --END-- [ RunTime:0.000539s ]
ERR: 无法加载模块:Public

[ 2015-05-29T21:31:48+08:00 ] 127.0.0.1 /index.php/js/jsSwitcher/jquery.cookie.js
INFO: [ app_init ] --START--
INFO: Run Behavior\BuildLiteBehavior [ RunTime:0.000032s ]
INFO: [ app_init ] --END-- [ RunTime:0.000665s ]
ERR: 无法加载模块:Js

[ 2015-05-29T21:32:06+08:00 ] 127.0.0.1 /index.php/Public/Uploads/2015-05-29/5568037cf39e3.jpg
INFO: [ app_init ] --START--
INFO: Run Behavior\BuildLiteBehavior [ RunTime:0.000035s ]
INFO: [ app_init ] --END-- [ RunTime:0.000892s ]
ERR: 无法加载模块:Public

[ 2015-05-29T21:32:06+08:00 ] 127.0.0.1 /index.php/Public/Uploads/2015-05-29/556839a7225a2.jpg
INFO: [ app_init ] --START--
INFO: Run Behavior\BuildLiteBehavior [ RunTime:0.000035s ]
INFO: [ app_init ] --END-- [ RunTime:0.000676s ]
ERR: 无法加载模块:Public

[ 2015-05-29T21:32:06+08:00 ] 127.0.0.1 /index.php/Public/Uploads/2015-05-29/556803fd43720.jpg
INFO: [ app_init ] --START--
INFO: Run Behavior\BuildLiteBehavior [ RunTime:0.000034s ]
INFO: [ app_init ] --END-- [ RunTime:0.000650s ]
ERR: 无法加载模块:Public

[ 2015-05-29T21:32:06+08:00 ] 127.0.0.1 /index.php/Public/Uploads/2015-05-29/556803f363374.jpg
INFO: [ app_init ] --START--
INFO: Run Behavior\BuildLiteBehavior [ RunTime:0.000032s ]
INFO: [ app_init ] --END-- [ RunTime:0.000608s ]
ERR: 无法加载模块:Public

[ 2015-05-29T21:32:06+08:00 ] 127.0.0.1 /index.php/js/jsSwitcher/jquery.cookie.js
INFO: [ app_init ] --START--
INFO: Run Behavior\BuildLiteBehavior [ RunTime:0.000018s ]
INFO: [ app_init ] --END-- [ RunTime:0.000407s ]
ERR: 无法加载模块:Js

[ 2015-05-29T21:32:06+08:00 ] 127.0.0.1 /index.php/Public/Uploads/2015-05-29/5568083dbfc44.jpg
INFO: [ app_init ] --START--
INFO: Run Behavior\BuildLiteBehavior [ RunTime:0.000036s ]
INFO: [ app_init ] --END-- [ RunTime:0.000452s ]
ERR: 无法加载模块:Public

[ 2015-05-29T21:32:23+08:00 ] 127.0.0.1 /index.php/Public/Uploads/2015-05-29/5568037cf39e3.jpg
INFO: [ app_init ] --START--
INFO: Run Behavior\BuildLiteBehavior [ RunTime:0.000029s ]
INFO: [ app_init ] --END-- [ RunTime:0.000578s ]
ERR: 无法加载模块:Public

[ 2015-05-29T21:32:23+08:00 ] 127.0.0.1 /index.php/Public/Uploads/2015-05-29/556803f363374.jpg
INFO: [ app_init ] --START--
INFO: Run Behavior\BuildLiteBehavior [ RunTime:0.000029s ]
INFO: [ app_init ] --END-- [ RunTime:0.000573s ]
ERR: 无法加载模块:Public

[ 2015-05-29T21:32:23+08:00 ] 127.0.0.1 /index.php/Public/Uploads/2015-05-29/556803fd43720.jpg
INFO: [ app_init ] --START--
INFO: Run Behavior\BuildLiteBehavior [ RunTime:0.000030s ]
INFO: [ app_init ] --END-- [ RunTime:0.006672s ]
ERR: 无法加载模块:Public

[ 2015-05-29T21:32:23+08:00 ] 127.0.0.1 /index.php/Public/Uploads/2015-05-29/556839a7225a2.jpg
INFO: [ app_init ] --START--
INFO: Run Behavior\BuildLiteBehavior [ RunTime:0.000030s ]
INFO: [ app_init ] --END-- [ RunTime:0.000719s ]
ERR: 无法加载模块:Public

[ 2015-05-29T21:32:23+08:00 ] 127.0.0.1 /index.php/Public/Uploads/2015-05-29/5568083dbfc44.jpg
INFO: [ app_init ] --START--
INFO: Run Behavior\BuildLiteBehavior [ RunTime:0.000027s ]
INFO: [ app_init ] --END-- [ RunTime:0.000571s ]
ERR: 无法加载模块:Public

[ 2015-05-29T21:32:23+08:00 ] 127.0.0.1 /index.php/js/jsSwitcher/jquery.cookie.js
INFO: [ app_init ] --START--
INFO: Run Behavior\BuildLiteBehavior [ RunTime:0.000050s ]
INFO: [ app_init ] --END-- [ RunTime:0.001220s ]
ERR: 无法加载模块:Js

[ 2015-05-29T21:40:24+08:00 ] 127.0.0.1 /index.php/Public/Uploads/2015-05-29/5568037cf39e3.jpg
INFO: [ app_init ] --START--
INFO: Run Behavior\BuildLiteBehavior [ RunTime:0.000028s ]
INFO: [ app_init ] --END-- [ RunTime:0.000622s ]
ERR: 无法加载模块:Public

[ 2015-05-29T21:40:24+08:00 ] 127.0.0.1 /index.php/Public/Uploads/2015-05-29/556803fd43720.jpg
INFO: [ app_init ] --START--
INFO: Run Behavior\BuildLiteBehavior [ RunTime:0.000034s ]
INFO: [ app_init ] --END-- [ RunTime:0.000633s ]
ERR: 无法加载模块:Public

[ 2015-05-29T21:40:24+08:00 ] 127.0.0.1 /index.php/Public/Uploads/2015-05-29/556803f363374.jpg
INFO: [ app_init ] --START--
INFO: Run Behavior\BuildLiteBehavior [ RunTime:0.000029s ]
INFO: [ app_init ] --END-- [ RunTime:0.000720s ]
ERR: 无法加载模块:Public

[ 2015-05-29T21:40:24+08:00 ] 127.0.0.1 /index.php/Public/Uploads/2015-05-29/556839a7225a2.jpg
INFO: [ app_init ] --START--
INFO: Run Behavior\BuildLiteBehavior [ RunTime:0.000029s ]
INFO: [ app_init ] --END-- [ RunTime:0.000641s ]
ERR: 无法加载模块:Public

[ 2015-05-29T21:40:24+08:00 ] 127.0.0.1 /index.php/Public/Uploads/2015-05-29/5568083dbfc44.jpg
INFO: [ app_init ] --START--
INFO: Run Behavior\BuildLiteBehavior [ RunTime:0.000029s ]
INFO: [ app_init ] --END-- [ RunTime:0.000688s ]
ERR: 无法加载模块:Public

[ 2015-05-29T21:40:24+08:00 ] 127.0.0.1 /index.php/js/jsSwitcher/jquery.cookie.js
INFO: [ app_init ] --START--
INFO: Run Behavior\BuildLiteBehavior [ RunTime:0.000018s ]
INFO: [ app_init ] --END-- [ RunTime:0.000414s ]
ERR: 无法加载模块:Js

[ 2015-05-29T21:41:10+08:00 ] 127.0.0.1 /index.php/Public/Uploads/2015-05-29/5568037cf39e3.jpg
INFO: [ app_init ] --START--
INFO: Run Behavior\BuildLiteBehavior [ RunTime:0.000028s ]
INFO: [ app_init ] --END-- [ RunTime:0.000657s ]
ERR: 无法加载模块:Public

[ 2015-05-29T21:41:10+08:00 ] 127.0.0.1 /index.php/Public/Uploads/2015-05-29/556803fd43720.jpg
INFO: [ app_init ] --START--
INFO: Run Behavior\BuildLiteBehavior [ RunTime:0.000026s ]
INFO: [ app_init ] --END-- [ RunTime:0.000579s ]
ERR: 无法加载模块:Public

[ 2015-05-29T21:41:10+08:00 ] 127.0.0.1 /index.php/Public/Uploads/2015-05-29/556803f363374.jpg
INFO: [ app_init ] --START--
INFO: Run Behavior\BuildLiteBehavior [ RunTime:0.000035s ]
INFO: [ app_init ] --END-- [ RunTime:0.000659s ]
ERR: 无法加载模块:Public

[ 2015-05-29T21:41:10+08:00 ] 127.0.0.1 /index.php/Public/Uploads/2015-05-29/556839a7225a2.jpg
INFO: [ app_init ] --START--
INFO: Run Behavior\BuildLiteBehavior [ RunTime:0.000033s ]
INFO: [ app_init ] --END-- [ RunTime:0.000766s ]
ERR: 无法加载模块:Public

[ 2015-05-29T21:41:10+08:00 ] 127.0.0.1 /index.php/js/jsSwitcher/jquery.cookie.js
INFO: [ app_init ] --START--
INFO: Run Behavior\BuildLiteBehavior [ RunTime:0.000028s ]
INFO: [ app_init ] --END-- [ RunTime:0.000610s ]
ERR: 无法加载模块:Js

[ 2015-05-29T21:41:10+08:00 ] 127.0.0.1 /index.php/Public/Uploads/2015-05-29/5568083dbfc44.jpg
INFO: [ app_init ] --START--
INFO: Run Behavior\BuildLiteBehavior [ RunTime:0.000026s ]
INFO: [ app_init ] --END-- [ RunTime:0.000684s ]
ERR: 无法加载模块:Public

[ 2015-05-29T21:41:43+08:00 ] 127.0.0.1 /index.php/Public/Uploads/2015-05-29/5568037cf39e3.jpg
INFO: [ app_init ] --START--
INFO: Run Behavior\BuildLiteBehavior [ RunTime:0.000027s ]
INFO: [ app_init ] --END-- [ RunTime:0.000575s ]
ERR: 无法加载模块:Public

[ 2015-05-29T21:41:43+08:00 ] 127.0.0.1 /index.php/Public/Uploads/2015-05-29/556803f363374.jpg
INFO: [ app_init ] --START--
INFO: Run Behavior\BuildLiteBehavior [ RunTime:0.000029s ]
INFO: [ app_init ] --END-- [ RunTime:0.000579s ]
ERR: 无法加载模块:Public

[ 2015-05-29T21:41:43+08:00 ] 127.0.0.1 /index.php/Public/Uploads/2015-05-29/556803fd43720.jpg
INFO: [ app_init ] --START--
INFO: Run Behavior\BuildLiteBehavior [ RunTime:0.000033s ]
INFO: [ app_init ] --END-- [ RunTime:0.000647s ]
ERR: 无法加载模块:Public

[ 2015-05-29T21:41:43+08:00 ] 127.0.0.1 /index.php/Public/Uploads/2015-05-29/5568083dbfc44.jpg
INFO: [ app_init ] --START--
INFO: Run Behavior\BuildLiteBehavior [ RunTime:0.000037s ]
INFO: [ app_init ] --END-- [ RunTime:0.000691s ]
ERR: 无法加载模块:Public

[ 2015-05-29T21:41:43+08:00 ] 127.0.0.1 /index.php/Public/Uploads/2015-05-29/556839a7225a2.jpg
INFO: [ app_init ] --START--
INFO: Run Behavior\BuildLiteBehavior [ RunTime:0.000026s ]
INFO: [ app_init ] --END-- [ RunTime:0.000478s ]
ERR: 无法加载模块:Public

[ 2015-05-29T21:41:43+08:00 ] 127.0.0.1 /index.php/js/jsSwitcher/jquery.cookie.js
INFO: [ app_init ] --START--
INFO: Run Behavior\BuildLiteBehavior [ RunTime:0.000030s ]
INFO: [ app_init ] --END-- [ RunTime:0.001115s ]
ERR: 无法加载模块:Js

[ 2015-05-29T21:42:11+08:00 ] 127.0.0.1 /index.php/Public/Uploads/2015-05-29/556803fd43720.jpg
INFO: [ app_init ] --START--
INFO: Run Behavior\BuildLiteBehavior [ RunTime:0.000029s ]
INFO: [ app_init ] --END-- [ RunTime:0.000578s ]
ERR: 无法加载模块:Public

[ 2015-05-29T21:42:11+08:00 ] 127.0.0.1 /index.php/Public/Uploads/2015-05-29/556803f363374.jpg
INFO: [ app_init ] --START--
INFO: Run Behavior\BuildLiteBehavior [ RunTime:0.000027s ]
INFO: [ app_init ] --END-- [ RunTime:0.000628s ]
ERR: 无法加载模块:Public

[ 2015-05-29T21:42:11+08:00 ] 127.0.0.1 /index.php/Public/Uploads/2015-05-29/556839a7225a2.jpg
INFO: [ app_init ] --START--
INFO: Run Behavior\BuildLiteBehavior [ RunTime:0.000030s ]
INFO: [ app_init ] --END-- [ RunTime:0.001144s ]
ERR: 无法加载模块:Public

[ 2015-05-29T21:42:11+08:00 ] 127.0.0.1 /index.php/Public/Uploads/2015-05-29/5568037cf39e3.jpg
INFO: [ app_init ] --START--
INFO: Run Behavior\BuildLiteBehavior [ RunTime:0.000033s ]
INFO: [ app_init ] --END-- [ RunTime:0.001746s ]
ERR: 无法加载模块:Public

[ 2015-05-29T21:42:11+08:00 ] 127.0.0.1 /index.php/Public/Uploads/2015-05-29/5568083dbfc44.jpg
INFO: [ app_init ] --START--
INFO: Run Behavior\BuildLiteBehavior [ RunTime:0.000035s ]
INFO: [ app_init ] --END-- [ RunTime:0.000993s ]
ERR: 无法加载模块:Public

[ 2015-05-29T21:42:11+08:00 ] 127.0.0.1 /index.php/js/jsSwitcher/jquery.cookie.js
INFO: [ app_init ] --START--
INFO: Run Behavior\BuildLiteBehavior [ RunTime:0.000033s ]
INFO: [ app_init ] --END-- [ RunTime:0.000592s ]
ERR: 无法加载模块:Js

[ 2015-05-29T21:45:27+08:00 ] 127.0.0.1 /index.php/Public/Uploads/2015-05-29/5568037cf39e3.jpg
INFO: [ app_init ] --START--
INFO: Run Behavior\BuildLiteBehavior [ RunTime:0.000025s ]
INFO: [ app_init ] --END-- [ RunTime:0.000671s ]
ERR: 无法加载模块:Public

[ 2015-05-29T21:45:27+08:00 ] 127.0.0.1 /index.php/Public/Uploads/2015-05-29/556839a7225a2.jpg
INFO: [ app_init ] --START--
INFO: Run Behavior\BuildLiteBehavior [ RunTime:0.000029s ]
INFO: [ app_init ] --END-- [ RunTime:0.000654s ]
ERR: 无法加载模块:Public

[ 2015-05-29T21:45:27+08:00 ] 127.0.0.1 /index.php/Public/Uploads/2015-05-29/5568083dbfc44.jpg
INFO: [ app_init ] --START--
INFO: Run Behavior\BuildLiteBehavior [ RunTime:0.000035s ]
INFO: [ app_init ] --END-- [ RunTime:0.000665s ]
ERR: 无法加载模块:Public

[ 2015-05-29T21:45:27+08:00 ] 127.0.0.1 /index.php/Public/Uploads/2015-05-29/556803fd43720.jpg
INFO: [ app_init ] --START--
INFO: Run Behavior\BuildLiteBehavior [ RunTime:0.000050s ]
INFO: [ app_init ] --END-- [ RunTime:0.000818s ]
ERR: 无法加载模块:Public

[ 2015-05-29T21:45:27+08:00 ] 127.0.0.1 /index.php/Public/Uploads/2015-05-29/556803f363374.jpg
INFO: [ app_init ] --START--
INFO: Run Behavior\BuildLiteBehavior [ RunTime:0.000027s ]
INFO: [ app_init ] --END-- [ RunTime:0.000754s ]
ERR: 无法加载模块:Public

[ 2015-05-29T21:45:27+08:00 ] 127.0.0.1 /index.php/js/jsSwitcher/jquery.cookie.js
INFO: [ app_init ] --START--
INFO: Run Behavior\BuildLiteBehavior [ RunTime:0.000055s ]
INFO: [ app_init ] --END-- [ RunTime:0.000830s ]
ERR: 无法加载模块:Js

[ 2015-05-29T21:50:35+08:00 ] 127.0.0.1 /index.php/Public/Uploads/2015-05-29/5568037cf39e3.jpg
INFO: [ app_init ] --START--
INFO: Run Behavior\BuildLiteBehavior [ RunTime:0.000036s ]
INFO: [ app_init ] --END-- [ RunTime:0.000671s ]
ERR: 无法加载模块:Public

[ 2015-05-29T21:50:35+08:00 ] 127.0.0.1 /index.php/Public/Uploads/2015-05-29/556803f363374.jpg
INFO: [ app_init ] --START--
INFO: Run Behavior\BuildLiteBehavior [ RunTime:0.000037s ]
INFO: [ app_init ] --END-- [ RunTime:0.000872s ]
ERR: 无法加载模块:Public

[ 2015-05-29T21:50:35+08:00 ] 127.0.0.1 /index.php/Public/Uploads/2015-05-29/556803fd43720.jpg
INFO: [ app_init ] --START--
INFO: Run Behavior\BuildLiteBehavior [ RunTime:0.000031s ]
INFO: [ app_init ] --END-- [ RunTime:0.000660s ]
ERR: 无法加载模块:Public

[ 2015-05-29T21:50:35+08:00 ] 127.0.0.1 /index.php/Public/Uploads/2015-05-29/5568083dbfc44.jpg
INFO: [ app_init ] --START--
INFO: Run Behavior\BuildLiteBehavior [ RunTime:0.000033s ]
INFO: [ app_init ] --END-- [ RunTime:0.000775s ]
ERR: 无法加载模块:Public

[ 2015-05-29T21:50:35+08:00 ] 127.0.0.1 /index.php/Public/Uploads/2015-05-29/556839a7225a2.jpg
INFO: [ app_init ] --START--
INFO: Run Behavior\BuildLiteBehavior [ RunTime:0.000033s ]
INFO: [ app_init ] --END-- [ RunTime:0.000775s ]
ERR: 无法加载模块:Public

[ 2015-05-29T21:50:35+08:00 ] 127.0.0.1 /index.php/js/jsSwitcher/jquery.cookie.js
INFO: [ app_init ] --START--
INFO: Run Behavior\BuildLiteBehavior [ RunTime:0.000031s ]
INFO: [ app_init ] --END-- [ RunTime:0.000665s ]
ERR: 无法加载模块:Js

[ 2015-05-29T21:51:06+08:00 ] 127.0.0.1 /index.php/Public/Uploads/2015-05-29/556803f363374.jpg
INFO: [ app_init ] --START--
INFO: Run Behavior\BuildLiteBehavior [ RunTime:0.000029s ]
INFO: [ app_init ] --END-- [ RunTime:0.000577s ]
ERR: 无法加载模块:Public

[ 2015-05-29T21:51:06+08:00 ] 127.0.0.1 /index.php/Public/Uploads/2015-05-29/556803fd43720.jpg
INFO: [ app_init ] --START--
INFO: Run Behavior\BuildLiteBehavior [ RunTime:0.000027s ]
INFO: [ app_init ] --END-- [ RunTime:0.000565s ]
ERR: 无法加载模块:Public

[ 2015-05-29T21:51:06+08:00 ] 127.0.0.1 /index.php/Public/Uploads/2015-05-29/5568037cf39e3.jpg
INFO: [ app_init ] --START--
INFO: Run Behavior\BuildLiteBehavior [ RunTime:0.000035s ]
INFO: [ app_init ] --END-- [ RunTime:0.001040s ]
ERR: 无法加载模块:Public

[ 2015-05-29T21:51:06+08:00 ] 127.0.0.1 /index.php/Public/Uploads/2015-05-29/5568083dbfc44.jpg
INFO: [ app_init ] --START--
INFO: Run Behavior\BuildLiteBehavior [ RunTime:0.000029s ]
INFO: [ app_init ] --END-- [ RunTime:0.000628s ]
ERR: 无法加载模块:Public

[ 2015-05-29T21:51:06+08:00 ] 127.0.0.1 /index.php/Public/Uploads/2015-05-29/556839a7225a2.jpg
INFO: [ app_init ] --START--
INFO: Run Behavior\BuildLiteBehavior [ RunTime:0.000033s ]
INFO: [ app_init ] --END-- [ RunTime:0.000838s ]
ERR: 无法加载模块:Public

[ 2015-05-29T21:51:06+08:00 ] 127.0.0.1 /index.php/js/jsSwitcher/jquery.cookie.js
INFO: [ app_init ] --START--
INFO: Run Behavior\BuildLiteBehavior [ RunTime:0.000017s ]
INFO: [ app_init ] --END-- [ RunTime:0.000417s ]
ERR: 无法加载模块:Js

[ 2015-05-29T21:54:07+08:00 ] 127.0.0.1 /index.php/Public/Uploads/2015-05-29/5568037cf39e3.jpg
INFO: [ app_init ] --START--
INFO: Run Behavior\BuildLiteBehavior [ RunTime:0.000031s ]
INFO: [ app_init ] --END-- [ RunTime:0.000727s ]
ERR: 无法加载模块:Public

[ 2015-05-29T21:54:07+08:00 ] 127.0.0.1 /index.php/Public/Uploads/2015-05-29/556803fd43720.jpg
INFO: [ app_init ] --START--
INFO: Run Behavior\BuildLiteBehavior [ RunTime:0.000028s ]
INFO: [ app_init ] --END-- [ RunTime:0.000684s ]
ERR: 无法加载模块:Public

[ 2015-05-29T21:54:07+08:00 ] 127.0.0.1 /index.php/Public/Uploads/2015-05-29/5568083dbfc44.jpg
INFO: [ app_init ] --START--
INFO: Run Behavior\BuildLiteBehavior [ RunTime:0.000031s ]
INFO: [ app_init ] --END-- [ RunTime:0.000652s ]
ERR: 无法加载模块:Public

[ 2015-05-29T21:54:07+08:00 ] 127.0.0.1 /index.php/Public/Uploads/2015-05-29/556839a7225a2.jpg
INFO: [ app_init ] --START--
INFO: Run Behavior\BuildLiteBehavior [ RunTime:0.000051s ]
INFO: [ app_init ] --END-- [ RunTime:0.001033s ]
ERR: 无法加载模块:Public

[ 2015-05-29T21:54:07+08:00 ] 127.0.0.1 /index.php/js/jsSwitcher/jquery.cookie.js
INFO: [ app_init ] --START--
INFO: Run Behavior\BuildLiteBehavior [ RunTime:0.000028s ]
INFO: [ app_init ] --END-- [ RunTime:0.000585s ]
ERR: 无法加载模块:Js

[ 2015-05-29T21:54:07+08:00 ] 127.0.0.1 /index.php/Public/Uploads/2015-05-29/556803f363374.jpg
INFO: [ app_init ] --START--
INFO: Run Behavior\BuildLiteBehavior [ RunTime:0.000028s ]
INFO: [ app_init ] --END-- [ RunTime:0.005721s ]
ERR: 无法加载模块:Public

[ 2015-05-29T21:54:37+08:00 ] 127.0.0.1 /index.php/Public/Uploads/2015-05-29/556803f363374.jpg
INFO: [ app_init ] --START--
INFO: Run Behavior\BuildLiteBehavior [ RunTime:0.000027s ]
INFO: [ app_init ] --END-- [ RunTime:0.000575s ]
ERR: 无法加载模块:Public

[ 2015-05-29T21:54:37+08:00 ] 127.0.0.1 /index.php/Public/Uploads/2015-05-29/556803fd43720.jpg
INFO: [ app_init ] --START--
INFO: Run Behavior\BuildLiteBehavior [ RunTime:0.000030s ]
INFO: [ app_init ] --END-- [ RunTime:0.001398s ]
ERR: 无法加载模块:Public

[ 2015-05-29T21:54:37+08:00 ] 127.0.0.1 /index.php/Public/Uploads/2015-05-29/556839a7225a2.jpg
INFO: [ app_init ] --START--
INFO: Run Behavior\BuildLiteBehavior [ RunTime:0.000033s ]
INFO: [ app_init ] --END-- [ RunTime:0.000781s ]
ERR: 无法加载模块:Public

[ 2015-05-29T21:54:37+08:00 ] 127.0.0.1 /index.php/Public/Uploads/2015-05-29/5568083dbfc44.jpg
INFO: [ app_init ] --START--
INFO: Run Behavior\BuildLiteBehavior [ RunTime:0.000031s ]
INFO: [ app_init ] --END-- [ RunTime:0.001968s ]
ERR: 无法加载模块:Public

[ 2015-05-29T21:54:37+08:00 ] 127.0.0.1 /index.php/Public/Uploads/2015-05-29/5568037cf39e3.jpg
INFO: [ app_init ] --START--
INFO: Run Behavior\BuildLiteBehavior [ RunTime:0.000028s ]
INFO: [ app_init ] --END-- [ RunTime:0.000873s ]
ERR: 无法加载模块:Public

[ 2015-05-29T21:54:37+08:00 ] 127.0.0.1 /index.php/js/jsSwitcher/jquery.cookie.js
INFO: [ app_init ] --START--
INFO: Run Behavior\BuildLiteBehavior [ RunTime:0.000017s ]
INFO: [ app_init ] --END-- [ RunTime:0.000413s ]
ERR: 无法加载模块:Js

[ 2015-05-29T21:56:25+08:00 ] 127.0.0.1 /index.php/Public/Uploads/2015-05-29/5568037cf39e3.jpg
INFO: [ app_init ] --START--
INFO: Run Behavior\BuildLiteBehavior [ RunTime:0.000029s ]
INFO: [ app_init ] --END-- [ RunTime:0.000644s ]
ERR: 无法加载模块:Public

[ 2015-05-29T21:56:25+08:00 ] 127.0.0.1 /index.php/Public/Uploads/2015-05-29/5568083dbfc44.jpg
INFO: [ app_init ] --START--
INFO: Run Behavior\BuildLiteBehavior [ RunTime:0.000039s ]
INFO: [ app_init ] --END-- [ RunTime:0.001001s ]
ERR: 无法加载模块:Public

[ 2015-05-29T21:56:25+08:00 ] 127.0.0.1 /index.php/Public/Uploads/2015-05-29/556803fd43720.jpg
INFO: [ app_init ] --START--
INFO: Run Behavior\BuildLiteBehavior [ RunTime:0.000027s ]
INFO: [ app_init ] --END-- [ RunTime:0.000784s ]
ERR: 无法加载模块:Public

[ 2015-05-29T21:56:25+08:00 ] 127.0.0.1 /index.php/Public/Uploads/2015-05-29/556839a7225a2.jpg
INFO: [ app_init ] --START--
INFO: Run Behavior\BuildLiteBehavior [ RunTime:0.000032s ]
INFO: [ app_init ] --END-- [ RunTime:0.000751s ]
ERR: 无法加载模块:Public

[ 2015-05-29T21:56:25+08:00 ] 127.0.0.1 /index.php/Public/Uploads/2015-05-29/556803f363374.jpg
INFO: [ app_init ] --START--
INFO: Run Behavior\BuildLiteBehavior [ RunTime:0.000037s ]
INFO: [ app_init ] --END-- [ RunTime:0.001046s ]
ERR: 无法加载模块:Public

[ 2015-05-29T21:56:25+08:00 ] 127.0.0.1 /index.php/js/jsSwitcher/jquery.cookie.js
INFO: [ app_init ] --START--
INFO: Run Behavior\BuildLiteBehavior [ RunTime:0.000027s ]
INFO: [ app_init ] --END-- [ RunTime:0.000604s ]
ERR: 无法加载模块:Js

[ 2015-05-29T21:56:56+08:00 ] 127.0.0.1 /index.php/Public/Uploads/2015-05-29/556803f363374.jpg
INFO: [ app_init ] --START--
INFO: Run Behavior\BuildLiteBehavior [ RunTime:0.000025s ]
INFO: [ app_init ] --END-- [ RunTime:0.000551s ]
ERR: 无法加载模块:Public

[ 2015-05-29T21:56:56+08:00 ] 127.0.0.1 /index.php/Public/Uploads/2015-05-29/556803fd43720.jpg
INFO: [ app_init ] --START--
INFO: Run Behavior\BuildLiteBehavior [ RunTime:0.000030s ]
INFO: [ app_init ] --END-- [ RunTime:0.000661s ]
ERR: 无法加载模块:Public

[ 2015-05-29T21:56:56+08:00 ] 127.0.0.1 /index.php/Public/Uploads/2015-05-29/5568037cf39e3.jpg
INFO: [ app_init ] --START--
INFO: Run Behavior\BuildLiteBehavior [ RunTime:0.000040s ]
INFO: [ app_init ] --END-- [ RunTime:0.001628s ]
ERR: 无法加载模块:Public

[ 2015-05-29T21:56:56+08:00 ] 127.0.0.1 /index.php/Public/Uploads/2015-05-29/556839a7225a2.jpg
INFO: [ app_init ] --START--
INFO: Run Behavior\BuildLiteBehavior [ RunTime:0.000029s ]
INFO: [ app_init ] --END-- [ RunTime:0.000762s ]
ERR: 无法加载模块:Public

[ 2015-05-29T21:56:56+08:00 ] 127.0.0.1 /index.php/Public/Uploads/2015-05-29/5568083dbfc44.jpg
INFO: [ app_init ] --START--
INFO: Run Behavior\BuildLiteBehavior [ RunTime:0.000036s ]
INFO: [ app_init ] --END-- [ RunTime:0.000773s ]
ERR: 无法加载模块:Public

[ 2015-05-29T21:56:56+08:00 ] 127.0.0.1 /index.php/js/jsSwitcher/jquery.cookie.js
INFO: [ app_init ] --START--
INFO: Run Behavior\BuildLiteBehavior [ RunTime:0.000032s ]
INFO: [ app_init ] --END-- [ RunTime:0.000657s ]
ERR: 无法加载模块:Js

[ 2015-05-29T21:57:37+08:00 ] 127.0.0.1 /index.php/Public/Uploads/2015-05-29/556803f363374.jpg
INFO: [ app_init ] --START--
INFO: Run Behavior\BuildLiteBehavior [ RunTime:0.000029s ]
INFO: [ app_init ] --END-- [ RunTime:0.000612s ]
ERR: 无法加载模块:Public

[ 2015-05-29T21:57:37+08:00 ] 127.0.0.1 /index.php/Public/Uploads/2015-05-29/556839a7225a2.jpg
INFO: [ app_init ] --START--
INFO: Run Behavior\BuildLiteBehavior [ RunTime:0.000035s ]
INFO: [ app_init ] --END-- [ RunTime:0.002105s ]
ERR: 无法加载模块:Public

[ 2015-05-29T21:57:37+08:00 ] 127.0.0.1 /index.php/Public/Uploads/2015-05-29/5568037cf39e3.jpg
INFO: [ app_init ] --START--
INFO: Run Behavior\BuildLiteBehavior [ RunTime:0.000033s ]
INFO: [ app_init ] --END-- [ RunTime:0.001149s ]
ERR: 无法加载模块:Public

[ 2015-05-29T21:57:37+08:00 ] 127.0.0.1 /index.php/Public/Uploads/2015-05-29/5568083dbfc44.jpg
INFO: [ app_init ] --START--
INFO: Run Behavior\BuildLiteBehavior [ RunTime:0.000019s ]
INFO: [ app_init ] --END-- [ RunTime:0.000422s ]
ERR: 无法加载模块:Public

[ 2015-05-29T21:57:37+08:00 ] 127.0.0.1 /index.php/Public/Uploads/2015-05-29/556803fd43720.jpg
INFO: [ app_init ] --START--
INFO: Run Behavior\BuildLiteBehavior [ RunTime:0.000029s ]
INFO: [ app_init ] --END-- [ RunTime:0.000666s ]
ERR: 无法加载模块:Public

[ 2015-05-29T21:57:37+08:00 ] 127.0.0.1 /index.php/js/jsSwitcher/jquery.cookie.js
INFO: [ app_init ] --START--
INFO: Run Behavior\BuildLiteBehavior [ RunTime:0.000032s ]
INFO: [ app_init ] --END-- [ RunTime:0.000770s ]
ERR: 无法加载模块:Js

[ 2015-05-29T22:12:25+08:00 ] 127.0.0.1 /index.php/Public/Uploads/2015-05-29/556803f363374.jpg
INFO: [ app_init ] --START--
INFO: Run Behavior\BuildLiteBehavior [ RunTime:0.000030s ]
INFO: [ app_init ] --END-- [ RunTime:0.000595s ]
ERR: 无法加载模块:Public

[ 2015-05-29T22:12:25+08:00 ] 127.0.0.1 /index.php/Public/Uploads/2015-05-29/556803fd43720.jpg
INFO: [ app_init ] --START--
INFO: Run Behavior\BuildLiteBehavior [ RunTime:0.000030s ]
INFO: [ app_init ] --END-- [ RunTime:0.000708s ]
ERR: 无法加载模块:Public

[ 2015-05-29T22:12:25+08:00 ] 127.0.0.1 /index.php/Public/Uploads/2015-05-29/5568037cf39e3.jpg
INFO: [ app_init ] --START--
INFO: Run Behavior\BuildLiteBehavior [ RunTime:0.000050s ]
INFO: [ app_init ] --END-- [ RunTime:0.001066s ]
ERR: 无法加载模块:Public

[ 2015-05-29T22:12:25+08:00 ] 127.0.0.1 /index.php/Public/Uploads/2015-05-29/556839a7225a2.jpg
INFO: [ app_init ] --START--
INFO: Run Behavior\BuildLiteBehavior [ RunTime:0.000033s ]
INFO: [ app_init ] --END-- [ RunTime:0.000711s ]
ERR: 无法加载模块:Public

[ 2015-05-29T22:12:25+08:00 ] 127.0.0.1 /index.php/Public/Uploads/2015-05-29/5568083dbfc44.jpg
INFO: [ app_init ] --START--
INFO: Run Behavior\BuildLiteBehavior [ RunTime:0.000031s ]
INFO: [ app_init ] --END-- [ RunTime:0.000629s ]
ERR: 无法加载模块:Public

[ 2015-05-29T22:12:25+08:00 ] 127.0.0.1 /index.php/js/jsSwitcher/jquery.cookie.js
INFO: [ app_init ] --START--
INFO: Run Behavior\BuildLiteBehavior [ RunTime:0.000026s ]
INFO: [ app_init ] --END-- [ RunTime:0.000582s ]
ERR: 无法加载模块:Js

[ 2015-05-29T22:15:09+08:00 ] 127.0.0.1 /index.php/Public/Uploads/2015-05-29/556803fd43720.jpg
INFO: [ app_init ] --START--
INFO: Run Behavior\BuildLiteBehavior [ RunTime:0.000030s ]
INFO: [ app_init ] --END-- [ RunTime:0.000662s ]
ERR: 无法加载模块:Public

[ 2015-05-29T22:15:09+08:00 ] 127.0.0.1 /index.php/Public/Uploads/2015-05-29/5568037cf39e3.jpg
INFO: [ app_init ] --START--
INFO: Run Behavior\BuildLiteBehavior [ RunTime:0.000035s ]
INFO: [ app_init ] --END-- [ RunTime:0.000653s ]
ERR: 无法加载模块:Public

[ 2015-05-29T22:15:09+08:00 ] 127.0.0.1 /index.php/Public/Uploads/2015-05-29/5568083dbfc44.jpg
INFO: [ app_init ] --START--
INFO: Run Behavior\BuildLiteBehavior [ RunTime:0.000029s ]
INFO: [ app_init ] --END-- [ RunTime:0.000649s ]
ERR: 无法加载模块:Public

[ 2015-05-29T22:15:09+08:00 ] 127.0.0.1 /index.php/Public/Uploads/2015-05-29/556803f363374.jpg
INFO: [ app_init ] --START--
INFO: Run Behavior\BuildLiteBehavior [ RunTime:0.000027s ]
INFO: [ app_init ] --END-- [ RunTime:0.000658s ]
ERR: 无法加载模块:Public

[ 2015-05-29T22:15:09+08:00 ] 127.0.0.1 /index.php/Public/Uploads/2015-05-29/556839a7225a2.jpg
INFO: [ app_init ] --START--
INFO: Run Behavior\BuildLiteBehavior [ RunTime:0.000029s ]
INFO: [ app_init ] --END-- [ RunTime:0.000663s ]
ERR: 无法加载模块:Public

[ 2015-05-29T22:15:09+08:00 ] 127.0.0.1 /index.php/js/jsSwitcher/jquery.cookie.js
INFO: [ app_init ] --START--
INFO: Run Behavior\BuildLiteBehavior [ RunTime:0.000017s ]
INFO: [ app_init ] --END-- [ RunTime:0.000428s ]
ERR: 无法加载模块:Js

[ 2015-05-29T22:20:23+08:00 ] 127.0.0.1 /index.php/Public/Uploads/2015-05-29/5568037cf39e3.jpg
INFO: [ app_init ] --START--
INFO: Run Behavior\BuildLiteBehavior [ RunTime:0.000034s ]
INFO: [ app_init ] --END-- [ RunTime:0.000676s ]
ERR: 无法加载模块:Public

[ 2015-05-29T22:20:23+08:00 ] 127.0.0.1 /index.php/Public/Uploads/2015-05-29/5568083dbfc44.jpg
INFO: [ app_init ] --START--
INFO: Run Behavior\BuildLiteBehavior [ RunTime:0.000028s ]
INFO: [ app_init ] --END-- [ RunTime:0.000657s ]
ERR: 无法加载模块:Public

[ 2015-05-29T22:20:23+08:00 ] 127.0.0.1 /index.php/Public/Uploads/2015-05-29/556803fd43720.jpg
INFO: [ app_init ] --START--
INFO: Run Behavior\BuildLiteBehavior [ RunTime:0.000029s ]
INFO: [ app_init ] --END-- [ RunTime:0.000688s ]
ERR: 无法加载模块:Public

[ 2015-05-29T22:20:23+08:00 ] 127.0.0.1 /index.php/Public/Uploads/2015-05-29/556839a7225a2.jpg
INFO: [ app_init ] --START--
INFO: Run Behavior\BuildLiteBehavior [ RunTime:0.000028s ]
INFO: [ app_init ] --END-- [ RunTime:0.000616s ]
ERR: 无法加载模块:Public

[ 2015-05-29T22:20:23+08:00 ] 127.0.0.1 /index.php/Public/Uploads/2015-05-29/556803f363374.jpg
INFO: [ app_init ] --START--
INFO: Run Behavior\BuildLiteBehavior [ RunTime:0.000031s ]
INFO: [ app_init ] --END-- [ RunTime:0.000512s ]
ERR: 无法加载模块:Public

[ 2015-05-29T22:20:23+08:00 ] 127.0.0.1 /index.php/js/jsSwitcher/jquery.cookie.js
INFO: [ app_init ] --START--
INFO: Run Behavior\BuildLiteBehavior [ RunTime:0.000030s ]
INFO: [ app_init ] --END-- [ RunTime:0.000759s ]
ERR: 无法加载模块:Js

[ 2015-05-29T22:21:03+08:00 ] 127.0.0.1 /index.php/Public/Uploads/2015-05-29/5568083dbfc44.jpg
INFO: [ app_init ] --START--
INFO: Run Behavior\BuildLiteBehavior [ RunTime:0.000027s ]
INFO: [ app_init ] --END-- [ RunTime:0.000607s ]
ERR: 无法加载模块:Public

[ 2015-05-29T22:21:03+08:00 ] 127.0.0.1 /index.php/Public/Uploads/2015-05-29/5568037cf39e3.jpg
INFO: [ app_init ] --START--
INFO: Run Behavior\BuildLiteBehavior [ RunTime:0.000035s ]
INFO: [ app_init ] --END-- [ RunTime:0.000614s ]
ERR: 无法加载模块:Public

[ 2015-05-29T22:21:03+08:00 ] 127.0.0.1 /index.php/Public/Uploads/2015-05-29/556803fd43720.jpg
INFO: [ app_init ] --START--
INFO: Run Behavior\BuildLiteBehavior [ RunTime:0.000029s ]
INFO: [ app_init ] --END-- [ RunTime:0.000664s ]
ERR: 无法加载模块:Public

[ 2015-05-29T22:21:03+08:00 ] 127.0.0.1 /index.php/Public/Uploads/2015-05-29/556803f363374.jpg
INFO: [ app_init ] --START--
INFO: Run Behavior\BuildLiteBehavior [ RunTime:0.000030s ]
INFO: [ app_init ] --END-- [ RunTime:0.000624s ]
ERR: 无法加载模块:Public

[ 2015-05-29T22:21:03+08:00 ] 127.0.0.1 /index.php/Public/Uploads/2015-05-29/556839a7225a2.jpg
INFO: [ app_init ] --START--
INFO: Run Behavior\BuildLiteBehavior [ RunTime:0.000027s ]
INFO: [ app_init ] --END-- [ RunTime:0.000585s ]
ERR: 无法加载模块:Public

[ 2015-05-29T22:21:03+08:00 ] 127.0.0.1 /index.php/js/jsSwitcher/jquery.cookie.js
INFO: [ app_init ] --START--
INFO: Run Behavior\BuildLiteBehavior [ RunTime:0.000034s ]
INFO: [ app_init ] --END-- [ RunTime:0.000793s ]
ERR: 无法加载模块:Js

[ 2015-05-29T22:25:13+08:00 ] 127.0.0.1 /index.php/Public/Uploads/2015-05-29/5568037cf39e3.jpg
INFO: [ app_init ] --START--
INFO: Run Behavior\BuildLiteBehavior [ RunTime:0.000033s ]
INFO: [ app_init ] --END-- [ RunTime:0.000685s ]
ERR: 无法加载模块:Public

[ 2015-05-29T22:25:13+08:00 ] 127.0.0.1 /index.php/Public/Uploads/2015-05-29/5568083dbfc44.jpg
INFO: [ app_init ] --START--
INFO: Run Behavior\BuildLiteBehavior [ RunTime:0.000026s ]
INFO: [ app_init ] --END-- [ RunTime:0.000607s ]
ERR: 无法加载模块:Public

[ 2015-05-29T22:25:13+08:00 ] 127.0.0.1 /index.php/Public/Uploads/2015-05-29/556839a7225a2.jpg
INFO: [ app_init ] --START--
INFO: Run Behavior\BuildLiteBehavior [ RunTime:0.000028s ]
INFO: [ app_init ] --END-- [ RunTime:0.001376s ]
ERR: 无法加载模块:Public

[ 2015-05-29T22:25:13+08:00 ] 127.0.0.1 /index.php/Public/Uploads/2015-05-29/556803fd43720.jpg
INFO: [ app_init ] --START--
INFO: Run Behavior\BuildLiteBehavior [ RunTime:0.000036s ]
INFO: [ app_init ] --END-- [ RunTime:0.003124s ]
ERR: 无法加载模块:Public

[ 2015-05-29T22:25:13+08:00 ] 127.0.0.1 /index.php/Public/Uploads/2015-05-29/556803f363374.jpg
INFO: [ app_init ] --START--
INFO: Run Behavior\BuildLiteBehavior [ RunTime:0.000037s ]
INFO: [ app_init ] --END-- [ RunTime:0.000758s ]
ERR: 无法加载模块:Public

[ 2015-05-29T22:25:13+08:00 ] 127.0.0.1 /index.php/js/jsSwitcher/jquery.cookie.js
INFO: [ app_init ] --START--
INFO: Run Behavior\BuildLiteBehavior [ RunTime:0.000019s ]
INFO: [ app_init ] --END-- [ RunTime:0.000429s ]
ERR: 无法加载模块:Js

[ 2015-05-29T22:29:30+08:00 ] 127.0.0.1 /index.php/Public/Uploads/2015-05-29/5568037cf39e3.jpg
INFO: [ app_init ] --START--
INFO: Run Behavior\BuildLiteBehavior [ RunTime:0.000027s ]
INFO: [ app_init ] --END-- [ RunTime:0.000645s ]
ERR: 无法加载模块:Public

[ 2015-05-29T22:29:30+08:00 ] 127.0.0.1 /index.php/Public/Uploads/2015-05-29/556803f363374.jpg
INFO: [ app_init ] --START--
INFO: Run Behavior\BuildLiteBehavior [ RunTime:0.000027s ]
INFO: [ app_init ] --END-- [ RunTime:0.000640s ]
ERR: 无法加载模块:Public

[ 2015-05-29T22:29:30+08:00 ] 127.0.0.1 /index.php/Public/Uploads/2015-05-29/556803fd43720.jpg
INFO: [ app_init ] --START--
INFO: Run Behavior\BuildLiteBehavior [ RunTime:0.000031s ]
INFO: [ app_init ] --END-- [ RunTime:0.000723s ]
ERR: 无法加载模块:Public

[ 2015-05-29T22:29:30+08:00 ] 127.0.0.1 /index.php/Public/Uploads/2015-05-29/556839a7225a2.jpg
INFO: [ app_init ] --START--
INFO: Run Behavior\BuildLiteBehavior [ RunTime:0.000028s ]
INFO: [ app_init ] --END-- [ RunTime:0.000590s ]
ERR: 无法加载模块:Public

[ 2015-05-29T22:29:30+08:00 ] 127.0.0.1 /index.php/Public/Uploads/2015-05-29/5568083dbfc44.jpg
INFO: [ app_init ] --START--
INFO: Run Behavior\BuildLiteBehavior [ RunTime:0.000027s ]
INFO: [ app_init ] --END-- [ RunTime:0.000643s ]
ERR: 无法加载模块:Public

[ 2015-05-29T22:29:30+08:00 ] 127.0.0.1 /index.php/js/jsSwitcher/jquery.cookie.js
INFO: [ app_init ] --START--
INFO: Run Behavior\BuildLiteBehavior [ RunTime:0.000030s ]
INFO: [ app_init ] --END-- [ RunTime:0.000645s ]
ERR: 无法加载模块:Js

[ 2015-05-29T22:30:45+08:00 ] 127.0.0.1 /index.php/Public/Uploads/2015-05-29/5568037cf39e3.jpg
INFO: [ app_init ] --START--
INFO: Run Behavior\BuildLiteBehavior [ RunTime:0.000027s ]
INFO: [ app_init ] --END-- [ RunTime:0.000578s ]
ERR: 无法加载模块:Public

[ 2015-05-29T22:30:45+08:00 ] 127.0.0.1 /index.php/Public/Uploads/2015-05-29/556803f363374.jpg
INFO: [ app_init ] --START--
INFO: Run Behavior\BuildLiteBehavior [ RunTime:0.000028s ]
INFO: [ app_init ] --END-- [ RunTime:0.000743s ]
ERR: 无法加载模块:Public

[ 2015-05-29T22:30:45+08:00 ] 127.0.0.1 /index.php/Public/Uploads/2015-05-29/556839a7225a2.jpg
INFO: [ app_init ] --START--
INFO: Run Behavior\BuildLiteBehavior [ RunTime:0.000067s ]
INFO: [ app_init ] --END-- [ RunTime:0.000950s ]
ERR: 无法加载模块:Public

[ 2015-05-29T22:30:45+08:00 ] 127.0.0.1 /index.php/Public/Uploads/2015-05-29/556803fd43720.jpg
INFO: [ app_init ] --START--
INFO: Run Behavior\BuildLiteBehavior [ RunTime:0.000028s ]
INFO: [ app_init ] --END-- [ RunTime:0.000623s ]
ERR: 无法加载模块:Public

[ 2015-05-29T22:30:45+08:00 ] 127.0.0.1 /index.php/Public/Uploads/2015-05-29/5568083dbfc44.jpg
INFO: [ app_init ] --START--
INFO: Run Behavior\BuildLiteBehavior [ RunTime:0.000029s ]
INFO: [ app_init ] --END-- [ RunTime:0.000591s ]
ERR: 无法加载模块:Public

[ 2015-05-29T22:30:45+08:00 ] 127.0.0.1 /index.php/js/jsSwitcher/jquery.cookie.js
INFO: [ app_init ] --START--
INFO: Run Behavior\BuildLiteBehavior [ RunTime:0.000027s ]
INFO: [ app_init ] --END-- [ RunTime:0.000597s ]
ERR: 无法加载模块:Js

[ 2015-05-29T22:52:11+08:00 ] 127.0.0.1 /index.php/Public/Uploads/2015-05-29/5568083dbfc44.jpg
INFO: [ app_init ] --START--
INFO: Run Behavior\BuildLiteBehavior [ RunTime:0.000030s ]
INFO: [ app_init ] --END-- [ RunTime:0.000640s ]
ERR: 无法加载模块:Public

[ 2015-05-29T22:52:11+08:00 ] 127.0.0.1 /index.php/Public/Uploads/2015-05-29/5568037cf39e3.jpg
INFO: [ app_init ] --START--
INFO: Run Behavior\BuildLiteBehavior [ RunTime:0.000028s ]
INFO: [ app_init ] --END-- [ RunTime:0.000593s ]
ERR: 无法加载模块:Public

[ 2015-05-29T22:52:11+08:00 ] 127.0.0.1 /index.php/Public/Uploads/2015-05-29/556803fd43720.jpg
INFO: [ app_init ] --START--
INFO: Run Behavior\BuildLiteBehavior [ RunTime:0.000035s ]
INFO: [ app_init ] --END-- [ RunTime:0.001184s ]
ERR: 无法加载模块:Public

[ 2015-05-29T22:52:11+08:00 ] 127.0.0.1 /index.php/Public/Uploads/2015-05-29/556839a7225a2.jpg
INFO: [ app_init ] --START--
INFO: Run Behavior\BuildLiteBehavior [ RunTime:0.000041s ]
INFO: [ app_init ] --END-- [ RunTime:0.000791s ]
ERR: 无法加载模块:Public

[ 2015-05-29T22:52:11+08:00 ] 127.0.0.1 /index.php/Public/Uploads/2015-05-29/556803f363374.jpg
INFO: [ app_init ] --START--
INFO: Run Behavior\BuildLiteBehavior [ RunTime:0.000022s ]
INFO: [ app_init ] --END-- [ RunTime:0.000536s ]
ERR: 无法加载模块:Public

[ 2015-05-29T22:52:11+08:00 ] 127.0.0.1 /index.php/js/jsSwitcher/jquery.cookie.js
INFO: [ app_init ] --START--
INFO: Run Behavior\BuildLiteBehavior [ RunTime:0.000020s ]
INFO: [ app_init ] --END-- [ RunTime:0.000595s ]
ERR: 无法加载模块:Js

[ 2015-05-29T23:01:38+08:00 ] 127.0.0.1 /index.php/Public/Uploads/2015-05-29/5568083dbfc44.jpg
INFO: [ app_init ] --START--
INFO: Run Behavior\BuildLiteBehavior [ RunTime:0.000035s ]
INFO: [ app_init ] --END-- [ RunTime:0.000796s ]
ERR: 无法加载模块:Public

[ 2015-05-29T23:01:38+08:00 ] 127.0.0.1 /index.php/Public/Uploads/2015-05-29/556803f363374.jpg
INFO: [ app_init ] --START--
INFO: Run Behavior\BuildLiteBehavior [ RunTime:0.000033s ]
INFO: [ app_init ] --END-- [ RunTime:0.000681s ]
ERR: 无法加载模块:Public

[ 2015-05-29T23:01:38+08:00 ] 127.0.0.1 /index.php/Public/Uploads/2015-05-29/556839a7225a2.jpg
INFO: [ app_init ] --START--
INFO: Run Behavior\BuildLiteBehavior [ RunTime:0.000032s ]
INFO: [ app_init ] --END-- [ RunTime:0.000722s ]
ERR: 无法加载模块:Public

[ 2015-05-29T23:01:38+08:00 ] 127.0.0.1 /index.php/Public/Uploads/2015-05-29/5568037cf39e3.jpg
INFO: [ app_init ] --START--
INFO: Run Behavior\BuildLiteBehavior [ RunTime:0.000030s ]
INFO: [ app_init ] --END-- [ RunTime:0.000597s ]
ERR: 无法加载模块:Public

[ 2015-05-29T23:01:38+08:00 ] 127.0.0.1 /index.php/Public/Uploads/2015-05-29/556803fd43720.jpg
INFO: [ app_init ] --START--
INFO: Run Behavior\BuildLiteBehavior [ RunTime:0.000026s ]
INFO: [ app_init ] --END-- [ RunTime:0.000637s ]
ERR: 无法加载模块:Public

[ 2015-05-29T23:01:38+08:00 ] 127.0.0.1 /index.php/js/jsSwitcher/jquery.cookie.js
INFO: [ app_init ] --START--
INFO: Run Behavior\BuildLiteBehavior [ RunTime:0.000019s ]
INFO: [ app_init ] --END-- [ RunTime:0.000516s ]
ERR: 无法加载模块:Js

[ 2015-05-29T23:04:46+08:00 ] 127.0.0.1 /index.php/Public/Uploads/2015-05-29/5568083dbfc44.jpg
INFO: [ app_init ] --START--
INFO: Run Behavior\BuildLiteBehavior [ RunTime:0.000033s ]
INFO: [ app_init ] --END-- [ RunTime:0.000701s ]
ERR: 无法加载模块:Public

[ 2015-05-29T23:04:46+08:00 ] 127.0.0.1 /index.php/Public/Uploads/2015-05-29/556839a7225a2.jpg
INFO: [ app_init ] --START--
INFO: Run Behavior\BuildLiteBehavior [ RunTime:0.000029s ]
INFO: [ app_init ] --END-- [ RunTime:0.000697s ]
ERR: 无法加载模块:Public

[ 2015-05-29T23:04:46+08:00 ] 127.0.0.1 /index.php/Public/Uploads/2015-05-29/556803f363374.jpg
INFO: [ app_init ] --START--
INFO: Run Behavior\BuildLiteBehavior [ RunTime:0.000031s ]
INFO: [ app_init ] --END-- [ RunTime:0.002510s ]
ERR: 无法加载模块:Public

[ 2015-05-29T23:04:46+08:00 ] 127.0.0.1 /index.php/Public/Uploads/2015-05-29/5568037cf39e3.jpg
INFO: [ app_init ] --START--
INFO: Run Behavior\BuildLiteBehavior [ RunTime:0.000168s ]
INFO: [ app_init ] --END-- [ RunTime:0.001109s ]
ERR: 无法加载模块:Public

[ 2015-05-29T23:04:46+08:00 ] 127.0.0.1 /index.php/Public/Uploads/2015-05-29/556803fd43720.jpg
INFO: [ app_init ] --START--
INFO: Run Behavior\BuildLiteBehavior [ RunTime:0.000020s ]
INFO: [ app_init ] --END-- [ RunTime:0.000482s ]
ERR: 无法加载模块:Public

[ 2015-05-29T23:04:46+08:00 ] 127.0.0.1 /index.php/js/jsSwitcher/jquery.cookie.js
INFO: [ app_init ] --START--
INFO: Run Behavior\BuildLiteBehavior [ RunTime:0.000018s ]
INFO: [ app_init ] --END-- [ RunTime:0.000476s ]
ERR: 无法加载模块:Js

[ 2015-05-29T23:05:53+08:00 ] 127.0.0.1 /index.php/Public/Uploads/2015-05-29/556803f363374.jpg
INFO: [ app_init ] --START--
INFO: Run Behavior\BuildLiteBehavior [ RunTime:0.000030s ]
INFO: [ app_init ] --END-- [ RunTime:0.000572s ]
ERR: 无法加载模块:Public

[ 2015-05-29T23:05:53+08:00 ] 127.0.0.1 /index.php/Public/Uploads/2015-05-29/556839a7225a2.jpg
INFO: [ app_init ] --START--
INFO: Run Behavior\BuildLiteBehavior [ RunTime:0.000031s ]
INFO: [ app_init ] --END-- [ RunTime:0.000634s ]
ERR: 无法加载模块:Public

[ 2015-05-29T23:05:53+08:00 ] 127.0.0.1 /index.php/Public/Uploads/2015-05-29/5568083dbfc44.jpg
INFO: [ app_init ] --START--
INFO: Run Behavior\BuildLiteBehavior [ RunTime:0.000032s ]
INFO: [ app_init ] --END-- [ RunTime:0.000609s ]
ERR: 无法加载模块:Public

[ 2015-05-29T23:05:53+08:00 ] 127.0.0.1 /index.php/Public/Uploads/2015-05-29/5568037cf39e3.jpg
INFO: [ app_init ] --START--
INFO: Run Behavior\BuildLiteBehavior [ RunTime:0.000024s ]
INFO: [ app_init ] --END-- [ RunTime:0.000620s ]
ERR: 无法加载模块:Public

[ 2015-05-29T23:05:53+08:00 ] 127.0.0.1 /index.php/Public/Uploads/2015-05-29/556803fd43720.jpg
INFO: [ app_init ] --START--
INFO: Run Behavior\BuildLiteBehavior [ RunTime:0.000035s ]
INFO: [ app_init ] --END-- [ RunTime:0.000678s ]
ERR: 无法加载模块:Public

[ 2015-05-29T23:05:53+08:00 ] 127.0.0.1 /index.php/js/jsSwitcher/jquery.cookie.js
INFO: [ app_init ] --START--
INFO: Run Behavior\BuildLiteBehavior [ RunTime:0.000019s ]
INFO: [ app_init ] --END-- [ RunTime:0.000423s ]
ERR: 无法加载模块:Js

[ 2015-05-29T23:07:05+08:00 ] 127.0.0.1 /index.php/Public/Uploads/2015-05-29/5568037cf39e3.jpg
INFO: [ app_init ] --START--
INFO: Run Behavior\BuildLiteBehavior [ RunTime:0.000030s ]
INFO: [ app_init ] --END-- [ RunTime:0.000664s ]
ERR: 无法加载模块:Public

[ 2015-05-29T23:07:06+08:00 ] 127.0.0.1 /index.php/Public/Uploads/2015-05-29/5568083dbfc44.jpg
INFO: [ app_init ] --START--
INFO: Run Behavior\BuildLiteBehavior [ RunTime:0.000031s ]
INFO: [ app_init ] --END-- [ RunTime:0.000679s ]
ERR: 无法加载模块:Public

[ 2015-05-29T23:07:06+08:00 ] 127.0.0.1 /index.php/Public/Uploads/2015-05-29/556839a7225a2.jpg
INFO: [ app_init ] --START--
INFO: Run Behavior\BuildLiteBehavior [ RunTime:0.000029s ]
INFO: [ app_init ] --END-- [ RunTime:0.000661s ]
ERR: 无法加载模块:Public

[ 2015-05-29T23:07:06+08:00 ] 127.0.0.1 /index.php/Public/Uploads/2015-05-29/556803fd43720.jpg
INFO: [ app_init ] --START--
INFO: Run Behavior\BuildLiteBehavior [ RunTime:0.000042s ]
INFO: [ app_init ] --END-- [ RunTime:0.000783s ]
ERR: 无法加载模块:Public

[ 2015-05-29T23:07:06+08:00 ] 127.0.0.1 /index.php/Public/Uploads/2015-05-29/556803f363374.jpg
INFO: [ app_init ] --START--
INFO: Run Behavior\BuildLiteBehavior [ RunTime:0.000034s ]
INFO: [ app_init ] --END-- [ RunTime:0.000716s ]
ERR: 无法加载模块:Public

[ 2015-05-29T23:07:06+08:00 ] 127.0.0.1 /index.php/js/jsSwitcher/jquery.cookie.js
INFO: [ app_init ] --START--
INFO: Run Behavior\BuildLiteBehavior [ RunTime:0.000017s ]
INFO: [ app_init ] --END-- [ RunTime:0.000447s ]
ERR: 无法加载模块:Js

[ 2015-05-29T23:09:26+08:00 ] 127.0.0.1 /index.php/Public/Uploads/2015-05-29/556839a7225a2.jpg
INFO: [ app_init ] --START--
INFO: Run Behavior\BuildLiteBehavior [ RunTime:0.000019s ]
INFO: [ app_init ] --END-- [ RunTime:0.000446s ]
ERR: 无法加载模块:Public

[ 2015-05-29T23:09:26+08:00 ] 127.0.0.1 /index.php/js/jsSwitcher/jquery.cookie.js
INFO: [ app_init ] --START--
INFO: Run Behavior\BuildLiteBehavior [ RunTime:0.000017s ]
INFO: [ app_init ] --END-- [ RunTime:0.000507s ]
ERR: 无法加载模块:Js

