[ 2015-05-24T23:58:46+08:00 ] 127.0.0.1 /index.php/css/bootstrap.min.css
INFO: [ app_init ] --START--
INFO: Run Behavior\BuildLiteBehavior [ RunTime:0.000037s ]
INFO: [ app_init ] --END-- [ RunTime:0.000645s ]
ERR: 无法加载模块:Css

[ 2015-05-24T23:58:46+08:00 ] 127.0.0.1 /index.php/css/font-awesome.min.css
INFO: [ app_init ] --START--
INFO: Run Behavior\BuildLiteBehavior [ RunTime:0.000018s ]
INFO: [ app_init ] --END-- [ RunTime:0.000476s ]
ERR: 无法加载模块:Css

[ 2015-05-24T23:58:46+08:00 ] 127.0.0.1 /index.php/css/jquery.mCustomScrollbar.css
INFO: [ app_init ] --START--
INFO: Run Behavior\BuildLiteBehavior [ RunTime:0.000023s ]
INFO: [ app_init ] --END-- [ RunTime:0.000758s ]
ERR: 无法加载模块:Css

[ 2015-05-24T23:58:46+08:00 ] 127.0.0.1 /index.php/css/animate.min.css
INFO: [ app_init ] --START--
INFO: Run Behavior\BuildLiteBehavior [ RunTime:0.000017s ]
INFO: [ app_init ] --END-- [ RunTime:0.000471s ]
ERR: 无法加载模块:Css

[ 2015-05-24T23:58:47+08:00 ] 127.0.0.1 /index.php/js/jquery.min.js
INFO: [ app_init ] --START--
INFO: Run Behavior\BuildLiteBehavior [ RunTime:0.000028s ]
INFO: [ app_init ] --END-- [ RunTime:0.000602s ]
ERR: 无法加载模块:Js

[ 2015-05-24T23:58:47+08:00 ] 127.0.0.1 /index.php/css/main.css
INFO: [ app_init ] --START--
INFO: Run Behavior\BuildLiteBehavior [ RunTime:0.000027s ]
INFO: [ app_init ] --END-- [ RunTime:0.000584s ]
ERR: 无法加载模块:Css

[ 2015-05-24T23:58:47+08:00 ] 127.0.0.1 /index.php/css/prettyPhoto.css
INFO: [ app_init ] --START--
INFO: Run Behavior\BuildLiteBehavior [ RunTime:0.000039s ]
INFO: [ app_init ] --END-- [ RunTime:0.004046s ]
ERR: 无法加载模块:Css

[ 2015-05-24T23:58:47+08:00 ] 127.0.0.1 /index.php/js/bootstrap.min.js
INFO: [ app_init ] --START--
INFO: Run Behavior\BuildLiteBehavior [ RunTime:0.000028s ]
INFO: [ app_init ] --END-- [ RunTime:0.000700s ]
ERR: 无法加载模块:Js

[ 2015-05-24T23:58:47+08:00 ] 127.0.0.1 /index.php/js/jquery.cycle2.min.js
INFO: [ app_init ] --START--
INFO: Run Behavior\BuildLiteBehavior [ RunTime:0.000027s ]
INFO: [ app_init ] --END-- [ RunTime:0.000576s ]
ERR: 无法加载模块:Js

[ 2015-05-24T23:58:47+08:00 ] 127.0.0.1 /index.php/css/switcher.css
INFO: [ app_init ] --START--
INFO: Run Behavior\BuildLiteBehavior [ RunTime:0.000027s ]
INFO: [ app_init ] --END-- [ RunTime:0.000650s ]
ERR: 无法加载模块:Css

[ 2015-05-24T23:58:47+08:00 ] 127.0.0.1 /index.php/css/colors/DarkBlue.css
INFO: [ app_init ] --START--
INFO: Run Behavior\BuildLiteBehavior [ RunTime:0.000029s ]
INFO: [ app_init ] --END-- [ RunTime:0.000630s ]
ERR: 无法加载模块:Css

[ 2015-05-24T23:58:47+08:00 ] 127.0.0.1 /index.php/js/jquery.mixitup.min.js
INFO: [ app_init ] --START--
INFO: Run Behavior\BuildLiteBehavior [ RunTime:0.005365s ]
INFO: [ app_init ] --END-- [ RunTime:0.007877s ]
ERR: 无法加载模块:Js

[ 2015-05-24T23:58:47+08:00 ] 127.0.0.1 /index.php/js/jsSwitcher/jquery.cookie.js
INFO: [ app_init ] --START--
INFO: Run Behavior\BuildLiteBehavior [ RunTime:0.000028s ]
INFO: [ app_init ] --END-- [ RunTime:0.000689s ]
ERR: 无法加载模块:Js

[ 2015-05-24T23:58:47+08:00 ] 127.0.0.1 /index.php/js/HeadImage.js
INFO: [ app_init ] --START--
INFO: Run Behavior\BuildLiteBehavior [ RunTime:0.000033s ]
INFO: [ app_init ] --END-- [ RunTime:0.000650s ]
ERR: 无法加载模块:Js

[ 2015-05-24T23:58:47+08:00 ] 127.0.0.1 /index.php/js/jsSwitcher/switcher.js
INFO: [ app_init ] --START--
INFO: Run Behavior\BuildLiteBehavior [ RunTime:0.000032s ]
INFO: [ app_init ] --END-- [ RunTime:0.000926s ]
ERR: 无法加载模块:Js

[ 2015-05-24T23:58:47+08:00 ] 127.0.0.1 /index.php/js/easyResponsiveTabs.min.js
INFO: [ app_init ] --START--
INFO: Run Behavior\BuildLiteBehavior [ RunTime:0.000026s ]
INFO: [ app_init ] --END-- [ RunTime:0.000635s ]
ERR: 无法加载模块:Js

[ 2015-05-24T23:58:47+08:00 ] 127.0.0.1 /index.php/js/jquery.mCustomScrollbar.concat.min.js
INFO: [ app_init ] --START--
INFO: Run Behavior\BuildLiteBehavior [ RunTime:0.000028s ]
INFO: [ app_init ] --END-- [ RunTime:0.001252s ]
ERR: 无法加载模块:Js

[ 2015-05-24T23:58:47+08:00 ] 127.0.0.1 /index.php/js/jquery.prettyPhoto.js
INFO: [ app_init ] --START--
INFO: Run Behavior\BuildLiteBehavior [ RunTime:0.000028s ]
INFO: [ app_init ] --END-- [ RunTime:0.000705s ]
ERR: 无法加载模块:Js

[ 2015-05-24T23:58:47+08:00 ] 127.0.0.1 /index.php/images/img/up.png
INFO: [ app_init ] --START--
INFO: Run Behavior\BuildLiteBehavior [ RunTime:0.000028s ]
INFO: [ app_init ] --END-- [ RunTime:0.000591s ]
ERR: 无法加载模块:Images

[ 2015-05-24T23:58:47+08:00 ] 127.0.0.1 /index.php/images/img/downleft.png
INFO: [ app_init ] --START--
INFO: Run Behavior\BuildLiteBehavior [ RunTime:0.000032s ]
INFO: [ app_init ] --END-- [ RunTime:0.000666s ]
ERR: 无法加载模块:Images

[ 2015-05-24T23:58:47+08:00 ] 127.0.0.1 /index.php/js/gmaps.min.js
INFO: [ app_init ] --START--
INFO: Run Behavior\BuildLiteBehavior [ RunTime:0.000033s ]
INFO: [ app_init ] --END-- [ RunTime:0.001117s ]
ERR: 无法加载模块:Js

[ 2015-05-24T23:58:47+08:00 ] 127.0.0.1 /index.php/js/main.js
INFO: [ app_init ] --START--
INFO: Run Behavior\BuildLiteBehavior [ RunTime:0.000030s ]
INFO: [ app_init ] --END-- [ RunTime:0.001967s ]
ERR: 无法加载模块:Js

[ 2015-05-24T23:58:47+08:00 ] 127.0.0.1 /index.php/images/img/left.png
INFO: [ app_init ] --START--
INFO: Run Behavior\BuildLiteBehavior [ RunTime:0.000029s ]
INFO: [ app_init ] --END-- [ RunTime:0.000795s ]
ERR: 无法加载模块:Images

[ 2015-05-24T23:58:47+08:00 ] 127.0.0.1 /index.php/images/img/downright.png
INFO: [ app_init ] --START--
INFO: Run Behavior\BuildLiteBehavior [ RunTime:0.000033s ]
INFO: [ app_init ] --END-- [ RunTime:0.001305s ]
ERR: 无法加载模块:Images

[ 2015-05-24T23:58:47+08:00 ] 127.0.0.1 /index.php/images/img/right.png
INFO: [ app_init ] --START--
INFO: Run Behavior\BuildLiteBehavior [ RunTime:0.000026s ]
INFO: [ app_init ] --END-- [ RunTime:0.000713s ]
ERR: 无法加载模块:Images

[ 2015-05-24T23:58:47+08:00 ] 127.0.0.1 /index.php/images/img/upright.png
INFO: [ app_init ] --START--
INFO: Run Behavior\BuildLiteBehavior [ RunTime:0.000028s ]
INFO: [ app_init ] --END-- [ RunTime:0.001865s ]
ERR: 无法加载模块:Images

[ 2015-05-24T23:58:47+08:00 ] 127.0.0.1 /index.php/images/img/upleft.png
INFO: [ app_init ] --START--
INFO: Run Behavior\BuildLiteBehavior [ RunTime:0.000033s ]
INFO: [ app_init ] --END-- [ RunTime:0.000772s ]
ERR: 无法加载模块:Images

[ 2015-05-24T23:58:47+08:00 ] 127.0.0.1 /index.php/images/img/down.png
INFO: [ app_init ] --START--
INFO: Run Behavior\BuildLiteBehavior [ RunTime:0.000028s ]
INFO: [ app_init ] --END-- [ RunTime:0.000968s ]
ERR: 无法加载模块:Images

[ 2015-05-24T23:58:47+08:00 ] 127.0.0.1 /index.php/images/img/front.png
INFO: [ app_init ] --START--
INFO: Run Behavior\BuildLiteBehavior [ RunTime:0.000031s ]
INFO: [ app_init ] --END-- [ RunTime:0.000696s ]
ERR: 无法加载模块:Images

[ 2015-05-24T23:58:47+08:00 ] 127.0.0.1 /index.php/images/img-profile/young.jpg
INFO: [ app_init ] --START--
INFO: Run Behavior\BuildLiteBehavior [ RunTime:0.000031s ]
INFO: [ app_init ] --END-- [ RunTime:0.000911s ]
ERR: 无法加载模块:Images

[ 2015-05-24T23:58:47+08:00 ] 127.0.0.1 /index.php/images/img-profile/picture02.jpg
INFO: [ app_init ] --START--
INFO: Run Behavior\BuildLiteBehavior [ RunTime:0.000121s ]
INFO: [ app_init ] --END-- [ RunTime:0.001211s ]
ERR: 无法加载模块:Images

[ 2015-05-24T23:58:47+08:00 ] 127.0.0.1 /index.php/images/portfolio/1.jpg
INFO: [ app_init ] --START--
INFO: Run Behavior\BuildLiteBehavior [ RunTime:0.000036s ]
INFO: [ app_init ] --END-- [ RunTime:0.000816s ]
ERR: 无法加载模块:Images

[ 2015-05-24T23:58:47+08:00 ] 127.0.0.1 /index.php/images/portfolio/2.jpg
INFO: [ app_init ] --START--
INFO: Run Behavior\BuildLiteBehavior [ RunTime:0.000033s ]
INFO: [ app_init ] --END-- [ RunTime:0.000711s ]
ERR: 无法加载模块:Images

[ 2015-05-24T23:58:47+08:00 ] 127.0.0.1 /index.php/images/portfolio/4.jpg
INFO: [ app_init ] --START--
INFO: Run Behavior\BuildLiteBehavior [ RunTime:0.000037s ]
INFO: [ app_init ] --END-- [ RunTime:0.001189s ]
ERR: 无法加载模块:Images

[ 2015-05-24T23:58:47+08:00 ] 127.0.0.1 /index.php/images/img-profile/celtics.jpg
INFO: [ app_init ] --START--
INFO: Run Behavior\BuildLiteBehavior [ RunTime:0.000017s ]
INFO: [ app_init ] --END-- [ RunTime:0.000439s ]
ERR: 无法加载模块:Images

[ 2015-05-24T23:58:47+08:00 ] 127.0.0.1 /index.php/images/img-profile/picture03.jpg
INFO: [ app_init ] --START--
INFO: Run Behavior\BuildLiteBehavior [ RunTime:0.000031s ]
INFO: [ app_init ] --END-- [ RunTime:0.001002s ]
ERR: 无法加载模块:Images

[ 2015-05-24T23:58:47+08:00 ] 127.0.0.1 /index.php/images/favicon/favicon.ico
INFO: [ app_init ] --START--
INFO: Run Behavior\BuildLiteBehavior [ RunTime:0.000017s ]
INFO: [ app_init ] --END-- [ RunTime:0.000454s ]
ERR: 无法加载模块:Images

